# JRE version: OpenJDK Runtime Environment (17.0.10) (build 17.0.10+0--11572160)
# Java VM: OpenJDK 64-Bit Server VM (17.0.10+0--11572160, mixed mode, tiered, compressed oops, compressed class ptrs, g1 gc, windows-amd64)
GC Precious Log:
 CPUs: 4 total, 4 available
 Memory: 16268M
 Large Page Support: Disabled
 NUMA Support: Disabled
 Compressed Oops: Enabled (32-bit)
 Heap Region Size: 1M
 Heap Min Capacity: 8M
 Heap Initial Capacity: 256M
 Heap Max Capacity: 2G
 Pre-touch: Disabled
 Parallel Workers: 4
 Concurrent Workers: 1
 Concurrent Refinement Workers: 4
 Periodic GC: Disabled
Heap:
 garbage-first heap   total 165888K, used 117302K [0x0000000080000000, 0x0000000100000000)
  region size 1024K, 43 young (44032K), 3 survivors (3072K)
 Metaspace       used 77007K, committed 77696K, reserved 1179648K
  class space    used 10892K, committed 11200K, reserved 1048576K
GC Heap History (20 events):
Event: 16.589 GC heap before
{Heap before GC invocations=20 (full 0):
 garbage-first heap   total 92160K, used 78507K [0x0000000080000000, 0x0000000100000000)
  region size 1024K, 23 young (23552K), 2 survivors (2048K)
 Metaspace       used 50055K, committed 50560K, reserved 1114112K
  class space    used 6769K, committed 6976K, reserved 1048576K
}
Event: 16.599 GC heap after
{Heap after GC invocations=21 (full 0):
 garbage-first heap   total 92160K, used 62356K [0x0000000080000000, 0x0000000100000000)
  region size 1024K, 3 young (3072K), 3 survivors (3072K)
 Metaspace       used 50055K, committed 50560K, reserved 1114112K
  class space    used 6769K, committed 6976K, reserved 1048576K
}
Event: 16.649 GC heap before
{Heap before GC invocations=21 (full 0):
 garbage-first heap   total 92160K, used 62356K [0x0000000080000000, 0x0000000100000000)
  region size 1024K, 4 young (4096K), 3 survivors (3072K)
 Metaspace       used 50135K, committed 50624K, reserved 1114112K
  class space    used 6774K, committed 6976K, reserved 1048576K
}
Event: 16.655 GC heap after
{Heap after GC invocations=22 (full 0):
 garbage-first heap   total 92160K, used 63218K [0x0000000080000000, 0x0000000100000000)
  region size 1024K, 1 young (1024K), 1 survivors (1024K)
 Metaspace       used 50135K, committed 50624K, reserved 1114112K
  class space    used 6774K, committed 6976K, reserved 1048576K
}
Event: 16.763 GC heap before
{Heap before GC invocations=22 (full 0):
 garbage-first heap   total 92160K, used 65266K [0x0000000080000000, 0x0000000100000000)
  region size 1024K, 5 young (5120K), 1 survivors (1024K)
 Metaspace       used 50417K, committed 50944K, reserved 1114112K
  class space    used 6793K, committed 7040K, reserved 1048576K
}
Event: 16.764 GC heap after
{Heap after GC invocations=23 (full 0):
 garbage-first heap   total 92160K, used 63925K [0x0000000080000000, 0x0000000100000000)
  region size 1024K, 2 young (2048K), 2 survivors (2048K)
 Metaspace       used 50417K, committed 50944K, reserved 1114112K
  class space    used 6793K, committed 7040K, reserved 1048576K
}
Event: 17.333 GC heap before
{Heap before GC invocations=24 (full 0):
 garbage-first heap   total 116736K, used 76213K [0x0000000080000000, 0x0000000100000000)
  region size 1024K, 12 young (12288K), 2 survivors (2048K)
 Metaspace       used 52091K, committed 52608K, reserved 1114112K
  class space    used 6932K, committed 7168K, reserved 1048576K
}
Event: 17.339 GC heap after
{Heap after GC invocations=25 (full 0):
 garbage-first heap   total 116736K, used 63937K [0x0000000080000000, 0x0000000100000000)
  region size 1024K, 1 young (1024K), 1 survivors (1024K)
 Metaspace       used 52091K, committed 52608K, reserved 1114112K
  class space    used 6932K, committed 7168K, reserved 1048576K
}
Event: 17.635 GC heap before
{Heap before GC invocations=25 (full 0):
 garbage-first heap   total 116736K, used 67009K [0x0000000080000000, 0x0000000100000000)
  region size 1024K, 5 young (5120K), 1 survivors (1024K)
 Metaspace       used 52535K, committed 53056K, reserved 1114112K
  class space    used 7006K, committed 7232K, reserved 1048576K
}
Event: 17.643 GC heap after
{Heap after GC invocations=26 (full 0):
 garbage-first heap   total 116736K, used 63724K [0x0000000080000000, 0x0000000100000000)
  region size 1024K, 1 young (1024K), 1 survivors (1024K)
 Metaspace       used 52535K, committed 53056K, reserved 1114112K
  class space    used 7006K, committed 7232K, reserved 1048576K
}
Event: 18.947 GC heap before
{Heap before GC invocations=26 (full 0):
 garbage-first heap   total 116736K, used 93420K [0x0000000080000000, 0x0000000100000000)
  region size 1024K, 30 young (30720K), 1 survivors (1024K)
 Metaspace       used 54488K, committed 55104K, reserved 1114112K
  class space    used 7340K, committed 7616K, reserved 1048576K
}
Event: 18.954 GC heap after
{Heap after GC invocations=27 (full 0):
 garbage-first heap   total 165888K, used 65117K [0x0000000080000000, 0x0000000100000000)
  region size 1024K, 2 young (2048K), 2 survivors (2048K)
 Metaspace       used 54488K, committed 55104K, reserved 1114112K
  class space    used 7340K, committed 7616K, reserved 1048576K
}
Event: 22.203 GC heap before
{Heap before GC invocations=28 (full 0):
 garbage-first heap   total 165888K, used 130653K [0x0000000080000000, 0x0000000100000000)
  region size 1024K, 66 young (67584K), 2 survivors (2048K)
 Metaspace       used 63432K, committed 64064K, reserved 1114112K
  class space    used 9131K, committed 9408K, reserved 1048576K
}
Event: 22.216 GC heap after
{Heap after GC invocations=29 (full 0):
 garbage-first heap   total 165888K, used 68471K [0x0000000080000000, 0x0000000100000000)
  region size 1024K, 5 young (5120K), 5 survivors (5120K)
 Metaspace       used 63432K, committed 64064K, reserved 1114112K
  class space    used 9131K, committed 9408K, reserved 1048576K
}
Event: 22.341 GC heap before
{Heap before GC invocations=29 (full 0):
 garbage-first heap   total 165888K, used 71543K [0x0000000080000000, 0x0000000100000000)
  region size 1024K, 8 young (8192K), 5 survivors (5120K)
 Metaspace       used 63731K, committed 64384K, reserved 1114112K
  class space    used 9181K, committed 9472K, reserved 1048576K
}
Event: 22.351 GC heap after
{Heap after GC invocations=30 (full 0):
 garbage-first heap   total 165888K, used 68781K [0x0000000080000000, 0x0000000100000000)
  region size 1024K, 1 young (1024K), 1 survivors (1024K)
 Metaspace       used 63731K, committed 64384K, reserved 1114112K
  class space    used 9181K, committed 9472K, reserved 1048576K
}
Event: 24.480 GC heap before
{Heap before GC invocations=30 (full 0):
 garbage-first heap   total 165888K, used 131245K [0x0000000080000000, 0x0000000100000000)
  region size 1024K, 62 young (63488K), 1 survivors (1024K)
 Metaspace       used 71955K, committed 72640K, reserved 1114112K
  class space    used 10243K, committed 10560K, reserved 1048576K
}
Event: 24.485 GC heap after
{Heap after GC invocations=31 (full 0):
 garbage-first heap   total 165888K, used 69546K [0x0000000080000000, 0x0000000100000000)
  region size 1024K, 2 young (2048K), 2 survivors (2048K)
 Metaspace       used 71955K, committed 72640K, reserved 1114112K
  class space    used 10243K, committed 10560K, reserved 1048576K
}
Event: 25.673 GC heap before
{Heap before GC invocations=31 (full 0):
 garbage-first heap   total 165888K, used 99242K [0x0000000080000000, 0x0000000100000000)
  region size 1024K, 32 young (32768K), 2 survivors (2048K)
 Metaspace       used 76489K, committed 77184K, reserved 1179648K
  class space    used 10848K, committed 11136K, reserved 1048576K
}
Event: 25.679 GC heap after
{Heap after GC invocations=32 (full 0):
 garbage-first heap   total 165888K, used 70198K [0x0000000080000000, 0x0000000100000000)
  region size 1024K, 3 young (3072K), 3 survivors (3072K)
 Metaspace       used 76489K, committed 77184K, reserved 1179648K
  class space    used 10848K, committed 11136K, reserved 1048576K
}

