# JRE version: OpenJDK Runtime Environment (17.0.10) (build 17.0.10+0--11572160)
# Java VM: OpenJDK 64-Bit Server VM (17.0.10+0--11572160, mixed mode, tiered, compressed oops, compressed class ptrs, g1 gc, windows-amd64)
GC Precious Log:
 CPUs: 4 total, 4 available
 Memory: 16268M
 Large Page Support: Disabled
 NUMA Support: Disabled
 Compressed Oops: Enabled (32-bit)
 Heap Region Size: 1M
 Heap Min Capacity: 8M
 Heap Initial Capacity: 256M
 Heap Max Capacity: 2G
 Pre-touch: Disabled
 Parallel Workers: 4
 Concurrent Workers: 1
 Concurrent Refinement Workers: 4
 Periodic GC: Disabled
Heap:
 garbage-first heap   total 313344K, used 168064K [0x0000000080000000, 0x0000000100000000)
  region size 1024K, 79 young (80896K), 3 survivors (3072K)
 Metaspace       used 97716K, committed 98432K, reserved 1179648K
  class space    used 13587K, committed 13952K, reserved 1048576K
GC Heap History (20 events):
Event: 30.800 GC heap before
{Heap before GC invocations=27 (full 0):
 garbage-first heap   total 166912K, used 140549K [0x0000000080000000, 0x0000000100000000)
  region size 1024K, 81 young (82944K), 1 survivors (1024K)
 Metaspace       used 63295K, committed 63808K, reserved 1114112K
  class space    used 8585K, committed 8832K, reserved 1048576K
}
Event: 30.823 GC heap after
{Heap after GC invocations=28 (full 0):
 garbage-first heap   total 166912K, used 65988K [0x0000000080000000, 0x0000000100000000)
  region size 1024K, 9 young (9216K), 9 survivors (9216K)
 Metaspace       used 63295K, committed 63808K, reserved 1114112K
  class space    used 8585K, committed 8832K, reserved 1048576K
}
Event: 33.703 GC heap before
{Heap before GC invocations=28 (full 0):
 garbage-first heap   total 166912K, used 136644K [0x0000000080000000, 0x0000000100000000)
  region size 1024K, 73 young (74752K), 9 survivors (9216K)
 Metaspace       used 68963K, committed 69568K, reserved 1114112K
  class space    used 9359K, committed 9664K, reserved 1048576K
}
Event: 33.716 GC heap after
{Heap after GC invocations=29 (full 0):
 garbage-first heap   total 166912K, used 72698K [0x0000000080000000, 0x0000000100000000)
  region size 1024K, 6 young (6144K), 6 survivors (6144K)
 Metaspace       used 68963K, committed 69568K, reserved 1114112K
  class space    used 9359K, committed 9664K, reserved 1048576K
}
Event: 35.904 GC heap before
{Heap before GC invocations=29 (full 0):
 garbage-first heap   total 166912K, used 136186K [0x0000000080000000, 0x0000000100000000)
  region size 1024K, 64 young (65536K), 6 survivors (6144K)
 Metaspace       used 73893K, committed 74496K, reserved 1114112K
  class space    used 10019K, committed 10304K, reserved 1048576K
}
Event: 35.916 GC heap after
{Heap after GC invocations=30 (full 0):
 garbage-first heap   total 166912K, used 80636K [0x0000000080000000, 0x0000000100000000)
  region size 1024K, 4 young (4096K), 4 survivors (4096K)
 Metaspace       used 73893K, committed 74496K, reserved 1114112K
  class space    used 10019K, committed 10304K, reserved 1048576K
}
Event: 37.742 GC heap before
{Heap before GC invocations=30 (full 0):
 garbage-first heap   total 166912K, used 134908K [0x0000000080000000, 0x0000000100000000)
  region size 1024K, 57 young (58368K), 4 survivors (4096K)
 Metaspace       used 79168K, committed 79808K, reserved 1179648K
  class space    used 10754K, committed 11072K, reserved 1048576K
}
Event: 37.750 GC heap after
{Heap after GC invocations=31 (full 0):
 garbage-first heap   total 166912K, used 83354K [0x0000000080000000, 0x0000000100000000)
  region size 1024K, 7 young (7168K), 7 survivors (7168K)
 Metaspace       used 79168K, committed 79808K, reserved 1179648K
  class space    used 10754K, committed 11072K, reserved 1048576K
}
Event: 38.985 GC heap before
{Heap before GC invocations=32 (full 0):
 garbage-first heap   total 166912K, used 136602K [0x0000000080000000, 0x0000000100000000)
  region size 1024K, 59 young (60416K), 7 survivors (7168K)
 Metaspace       used 80819K, committed 81472K, reserved 1179648K
  class space    used 10990K, committed 11328K, reserved 1048576K
}
Event: 39.005 GC heap after
{Heap after GC invocations=33 (full 0):
 garbage-first heap   total 166912K, used 87804K [0x0000000080000000, 0x0000000100000000)
  region size 1024K, 8 young (8192K), 8 survivors (8192K)
 Metaspace       used 80819K, committed 81472K, reserved 1179648K
  class space    used 10990K, committed 11328K, reserved 1048576K
}
Event: 39.031 GC heap before
{Heap before GC invocations=33 (full 0):
 garbage-first heap   total 166912K, used 88828K [0x0000000080000000, 0x0000000100000000)
  region size 1024K, 9 young (9216K), 8 survivors (8192K)
 Metaspace       used 80920K, committed 81600K, reserved 1179648K
  class space    used 11001K, committed 11328K, reserved 1048576K
}
Event: 39.040 GC heap after
{Heap after GC invocations=34 (full 0):
 garbage-first heap   total 166912K, used 87590K [0x0000000080000000, 0x0000000100000000)
  region size 1024K, 1 young (1024K), 1 survivors (1024K)
 Metaspace       used 80920K, committed 81600K, reserved 1179648K
  class space    used 11001K, committed 11328K, reserved 1048576K
}
Event: 40.876 GC heap before
{Heap before GC invocations=34 (full 0):
 garbage-first heap   total 166912K, used 136742K [0x0000000080000000, 0x0000000100000000)
  region size 1024K, 48 young (49152K), 1 survivors (1024K)
 Metaspace       used 84210K, committed 84864K, reserved 1179648K
  class space    used 11522K, committed 11840K, reserved 1048576K
}
Event: 40.881 GC heap after
{Heap after GC invocations=35 (full 0):
 garbage-first heap   total 166912K, used 88234K [0x0000000080000000, 0x0000000100000000)
  region size 1024K, 2 young (2048K), 2 survivors (2048K)
 Metaspace       used 84210K, committed 84864K, reserved 1179648K
  class space    used 11522K, committed 11840K, reserved 1048576K
}
Event: 42.365 GC heap before
{Heap before GC invocations=36 (full 0):
 garbage-first heap   total 166912K, used 137386K [0x0000000080000000, 0x0000000100000000)
  region size 1024K, 50 young (51200K), 2 survivors (2048K)
 Metaspace       used 87712K, committed 88384K, reserved 1179648K
  class space    used 12164K, committed 12480K, reserved 1048576K
}
Event: 42.374 GC heap after
{Heap after GC invocations=37 (full 0):
 garbage-first heap   total 166912K, used 90329K [0x0000000080000000, 0x0000000100000000)
  region size 1024K, 4 young (4096K), 4 survivors (4096K)
 Metaspace       used 87712K, committed 88384K, reserved 1179648K
  class space    used 12164K, committed 12480K, reserved 1048576K
}
Event: 42.601 GC heap before
{Heap before GC invocations=37 (full 0):
 garbage-first heap   total 166912K, used 94425K [0x0000000080000000, 0x0000000100000000)
  region size 1024K, 8 young (8192K), 4 survivors (4096K)
 Metaspace       used 87948K, committed 88640K, reserved 1179648K
  class space    used 12199K, committed 12544K, reserved 1048576K
}
Event: 42.610 GC heap after
{Heap after GC invocations=38 (full 0):
 garbage-first heap   total 166912K, used 88700K [0x0000000080000000, 0x0000000100000000)
  region size 1024K, 1 young (1024K), 1 survivors (1024K)
 Metaspace       used 87948K, committed 88640K, reserved 1179648K
  class space    used 12199K, committed 12544K, reserved 1048576K
}
Event: 44.327 GC heap before
{Heap before GC invocations=38 (full 0):
 garbage-first heap   total 166912K, used 137852K [0x0000000080000000, 0x0000000100000000)
  region size 1024K, 49 young (50176K), 1 survivors (1024K)
 Metaspace       used 91545K, committed 92224K, reserved 1179648K
  class space    used 12714K, committed 13056K, reserved 1048576K
}
Event: 44.338 GC heap after
{Heap after GC invocations=39 (full 0):
 garbage-first heap   total 313344K, used 91264K [0x0000000080000000, 0x0000000100000000)
  region size 1024K, 3 young (3072K), 3 survivors (3072K)
 Metaspace       used 91545K, committed 92224K, reserved 1179648K
  class space    used 12714K, committed 13056K, reserved 1048576K
}

