# JRE version: OpenJDK Runtime Environment (17.0.10) (build 17.0.10+0--11572160)
# Java VM: OpenJDK 64-Bit Server VM (17.0.10+0--11572160, mixed mode, tiered, compressed oops, compressed class ptrs, g1 gc, windows-amd64)
GC Precious Log:
 CPUs: 4 total, 4 available
 Memory: 16268M
 Large Page Support: Disabled
 NUMA Support: Disabled
 Compressed Oops: Enabled (32-bit)
 Heap Region Size: 1M
 Heap Min Capacity: 8M
 Heap Initial Capacity: 256M
 Heap Max Capacity: 2G
 Pre-touch: Disabled
 Parallel Workers: 4
 Concurrent Workers: 1
 Concurrent Refinement Workers: 4
 Periodic GC: Disabled
Heap:
 garbage-first heap   total 239616K, used 191955K [0x0000000080000000, 0x0000000100000000)
  region size 1024K, 46 young (47104K), 6 survivors (6144K)
 Metaspace       used 113065K, committed 113792K, reserved 1179648K
  class space    used 15254K, committed 15616K, reserved 1048576K
GC Heap History (20 events):
Event: 24.947 GC heap before
{Heap before GC invocations=35 (full 0):
 garbage-first heap   total 233472K, used 186939K [0x0000000080000000, 0x0000000100000000)
  region size 1024K, 105 young (107520K), 11 survivors (11264K)
 Metaspace       used 96921K, committed 97600K, reserved 1179648K
  class space    used 13486K, committed 13824K, reserved 1048576K
}
Event: 24.984 GC heap after
{Heap after GC invocations=36 (full 0):
 garbage-first heap   total 233472K, used 95154K [0x0000000080000000, 0x0000000100000000)
  region size 1024K, 9 young (9216K), 9 survivors (9216K)
 Metaspace       used 96921K, committed 97600K, reserved 1179648K
  class space    used 13486K, committed 13824K, reserved 1048576K
}
Event: 27.867 GC heap before
{Heap before GC invocations=36 (full 0):
 garbage-first heap   total 233472K, used 189362K [0x0000000080000000, 0x0000000100000000)
  region size 1024K, 101 young (103424K), 9 survivors (9216K)
 Metaspace       used 100338K, committed 101056K, reserved 1179648K
  class space    used 14003K, committed 14336K, reserved 1048576K
}
Event: 27.898 GC heap after
{Heap after GC invocations=37 (full 0):
 garbage-first heap   total 233472K, used 103370K [0x0000000080000000, 0x0000000100000000)
  region size 1024K, 13 young (13312K), 13 survivors (13312K)
 Metaspace       used 100338K, committed 101056K, reserved 1179648K
  class space    used 14003K, committed 14336K, reserved 1048576K
}
Event: 32.777 GC heap before
{Heap before GC invocations=37 (full 0):
 garbage-first heap   total 233472K, used 194506K [0x0000000080000000, 0x0000000100000000)
  region size 1024K, 98 young (100352K), 13 survivors (13312K)
 Metaspace       used 104039K, committed 104896K, reserved 1179648K
  class space    used 14363K, committed 14784K, reserved 1048576K
}
Event: 32.807 GC heap after
{Heap after GC invocations=38 (full 0):
 garbage-first heap   total 233472K, used 110273K [0x0000000080000000, 0x0000000100000000)
  region size 1024K, 10 young (10240K), 10 survivors (10240K)
 Metaspace       used 104039K, committed 104896K, reserved 1179648K
  class space    used 14363K, committed 14784K, reserved 1048576K
}
Event: 36.893 GC heap before
{Heap before GC invocations=38 (full 0):
 garbage-first heap   total 233472K, used 204481K [0x0000000080000000, 0x0000000100000000)
  region size 1024K, 86 young (88064K), 10 survivors (10240K)
 Metaspace       used 104745K, committed 105536K, reserved 1179648K
  class space    used 14410K, committed 14784K, reserved 1048576K
}
Event: 36.951 GC heap after
{Heap after GC invocations=39 (full 0):
 garbage-first heap   total 239616K, used 136192K [0x0000000080000000, 0x0000000100000000)
  region size 1024K, 11 young (11264K), 11 survivors (11264K)
 Metaspace       used 104745K, committed 105536K, reserved 1179648K
  class space    used 14410K, committed 14784K, reserved 1048576K
}
Event: 39.372 GC heap before
{Heap before GC invocations=39 (full 0):
 garbage-first heap   total 239616K, used 206848K [0x0000000080000000, 0x0000000100000000)
  region size 1024K, 64 young (65536K), 11 survivors (11264K)
 Metaspace       used 105362K, committed 106112K, reserved 1179648K
  class space    used 14475K, committed 14848K, reserved 1048576K
}
Event: 39.403 GC heap after
{Heap after GC invocations=40 (full 0):
 garbage-first heap   total 239616K, used 142336K [0x0000000080000000, 0x0000000100000000)
  region size 1024K, 6 young (6144K), 6 survivors (6144K)
 Metaspace       used 105362K, committed 106112K, reserved 1179648K
  class space    used 14475K, committed 14848K, reserved 1048576K
}
Event: 41.728 GC heap before
{Heap before GC invocations=40 (full 0):
 garbage-first heap   total 239616K, used 192512K [0x0000000080000000, 0x0000000100000000)
  region size 1024K, 56 young (57344K), 6 survivors (6144K)
 Metaspace       used 108806K, committed 109568K, reserved 1179648K
  class space    used 14793K, committed 15168K, reserved 1048576K
}
Event: 41.745 GC heap after
{Heap after GC invocations=41 (full 0):
 garbage-first heap   total 239616K, used 149473K [0x0000000080000000, 0x0000000100000000)
  region size 1024K, 6 young (6144K), 6 survivors (6144K)
 Metaspace       used 108806K, committed 109568K, reserved 1179648K
  class space    used 14793K, committed 15168K, reserved 1048576K
}
Event: 46.292 GC heap before
{Heap before GC invocations=41 (full 0):
 garbage-first heap   total 239616K, used 195553K [0x0000000080000000, 0x0000000100000000)
  region size 1024K, 52 young (53248K), 6 survivors (6144K)
 Metaspace       used 109366K, committed 110144K, reserved 1179648K
  class space    used 14837K, committed 15168K, reserved 1048576K
}
Event: 46.298 GC heap after
{Heap after GC invocations=42 (full 0):
 garbage-first heap   total 239616K, used 146432K [0x0000000080000000, 0x0000000100000000)
  region size 1024K, 1 young (1024K), 1 survivors (1024K)
 Metaspace       used 109366K, committed 110144K, reserved 1179648K
  class space    used 14837K, committed 15168K, reserved 1048576K
}
Event: 48.759 GC heap before
{Heap before GC invocations=42 (full 0):
 garbage-first heap   total 239616K, used 199679K [0x0000000080000000, 0x0000000100000000)
  region size 1024K, 52 young (53248K), 1 survivors (1024K)
 Metaspace       used 110842K, committed 111616K, reserved 1179648K
  class space    used 14990K, committed 15360K, reserved 1048576K
}
Event: 48.766 GC heap after
{Heap after GC invocations=43 (full 0):
 garbage-first heap   total 239616K, used 147901K [0x0000000080000000, 0x0000000100000000)
  region size 1024K, 3 young (3072K), 3 survivors (3072K)
 Metaspace       used 110842K, committed 111616K, reserved 1179648K
  class space    used 14990K, committed 15360K, reserved 1048576K
}
Event: 51.557 GC heap before
{Heap before GC invocations=43 (full 0):
 garbage-first heap   total 239616K, used 199101K [0x0000000080000000, 0x0000000100000000)
  region size 1024K, 54 young (55296K), 3 survivors (3072K)
 Metaspace       used 111442K, committed 112192K, reserved 1179648K
  class space    used 15051K, committed 15424K, reserved 1048576K
}
Event: 51.569 GC heap after
{Heap after GC invocations=44 (full 0):
 garbage-first heap   total 239616K, used 150151K [0x0000000080000000, 0x0000000100000000)
  region size 1024K, 5 young (5120K), 5 survivors (5120K)
 Metaspace       used 111442K, committed 112192K, reserved 1179648K
  class space    used 15051K, committed 15424K, reserved 1048576K
}
Event: 53.631 GC heap before
{Heap before GC invocations=44 (full 0):
 garbage-first heap   total 239616K, used 200327K [0x0000000080000000, 0x0000000100000000)
  region size 1024K, 55 young (56320K), 5 survivors (5120K)
 Metaspace       used 112694K, committed 113536K, reserved 1179648K
  class space    used 15201K, committed 15616K, reserved 1048576K
}
Event: 53.643 GC heap after
{Heap after GC invocations=45 (full 0):
 garbage-first heap   total 239616K, used 153043K [0x0000000080000000, 0x0000000100000000)
  region size 1024K, 6 young (6144K), 6 survivors (6144K)
 Metaspace       used 112694K, committed 113536K, reserved 1179648K
  class space    used 15201K, committed 15616K, reserved 1048576K
}

