# JRE version: OpenJDK Runtime Environment (17.0.10) (build 17.0.10+0--11572160)
# Java VM: OpenJDK 64-Bit Server VM (17.0.10+0--11572160, mixed mode, tiered, compressed oops, compressed class ptrs, g1 gc, windows-amd64)
GC Precious Log:
 CPUs: 4 total, 4 available
 Memory: 16268M
 Large Page Support: Disabled
 NUMA Support: Disabled
 Compressed Oops: Enabled (32-bit)
 Heap Region Size: 1M
 Heap Min Capacity: 8M
 Heap Initial Capacity: 256M
 Heap Max Capacity: 2G
 Pre-touch: Disabled
 Parallel Workers: 4
 Concurrent Workers: 1
 Concurrent Refinement Workers: 4
 Periodic GC: Disabled
Heap:
 garbage-first heap   total 291840K, used 186706K [0x0000000080000000, 0x0000000100000000)
  region size 1024K, 9 young (9216K), 9 survivors (9216K)
 Metaspace       used 111104K, committed 111872K, reserved 1179648K
  class space    used 15604K, committed 15936K, reserved 1048576K
GC Heap History (20 events):
Event: 35.975 GC heap after
{Heap after GC invocations=40 (full 0):
 garbage-first heap   total 286720K, used 93761K [0x0000000080000000, 0x0000000100000000)
  region size 1024K, 15 young (15360K), 15 survivors (15360K)
 Metaspace       used 85598K, committed 86272K, reserved 1179648K
  class space    used 11823K, committed 12160K, reserved 1048576K
}
Event: 40.885 GC heap before
{Heap before GC invocations=40 (full 0):
 garbage-first heap   total 286720K, used 218689K [0x0000000080000000, 0x0000000100000000)
  region size 1024K, 137 young (140288K), 15 survivors (15360K)
 Metaspace       used 94681K, committed 95424K, reserved 1179648K
  class space    used 13211K, committed 13568K, reserved 1048576K
}
Event: 40.921 GC heap after
{Heap after GC invocations=41 (full 0):
 garbage-first heap   total 286720K, used 100248K [0x0000000080000000, 0x0000000100000000)
  region size 1024K, 14 young (14336K), 14 survivors (14336K)
 Metaspace       used 94681K, committed 95424K, reserved 1179648K
  class space    used 13211K, committed 13568K, reserved 1048576K
}
Event: 46.238 GC heap before
{Heap before GC invocations=41 (full 0):
 garbage-first heap   total 286720K, used 225176K [0x0000000080000000, 0x0000000100000000)
  region size 1024K, 136 young (139264K), 14 survivors (14336K)
 Metaspace       used 100497K, committed 101248K, reserved 1179648K
  class space    used 14005K, committed 14336K, reserved 1048576K
}
Event: 46.280 GC heap after
{Heap after GC invocations=42 (full 0):
 garbage-first heap   total 286720K, used 107598K [0x0000000080000000, 0x0000000100000000)
  region size 1024K, 16 young (16384K), 16 survivors (16384K)
 Metaspace       used 100497K, committed 101248K, reserved 1179648K
  class space    used 14005K, committed 14336K, reserved 1048576K
}
Event: 49.089 GC heap before
{Heap before GC invocations=42 (full 0):
 garbage-first heap   total 286720K, used 226382K [0x0000000080000000, 0x0000000100000000)
  region size 1024K, 133 young (136192K), 16 survivors (16384K)
 Metaspace       used 102220K, committed 102976K, reserved 1179648K
  class space    used 14280K, committed 14592K, reserved 1048576K
}
Event: 49.124 GC heap after
{Heap after GC invocations=43 (full 0):
 garbage-first heap   total 286720K, used 119873K [0x0000000080000000, 0x0000000100000000)
  region size 1024K, 15 young (15360K), 15 survivors (15360K)
 Metaspace       used 102220K, committed 102976K, reserved 1179648K
  class space    used 14280K, committed 14592K, reserved 1048576K
}
Event: 50.833 GC heap before
{Heap before GC invocations=43 (full 0):
 garbage-first heap   total 286720K, used 226369K [0x0000000080000000, 0x0000000100000000)
  region size 1024K, 118 young (120832K), 15 survivors (15360K)
 Metaspace       used 105865K, committed 106624K, reserved 1179648K
  class space    used 14818K, committed 15168K, reserved 1048576K
}
Event: 50.869 GC heap after
{Heap after GC invocations=44 (full 0):
 garbage-first heap   total 286720K, used 139604K [0x0000000080000000, 0x0000000100000000)
  region size 1024K, 15 young (15360K), 15 survivors (15360K)
 Metaspace       used 105865K, committed 106624K, reserved 1179648K
  class space    used 14818K, committed 15168K, reserved 1048576K
}
Event: 51.631 GC heap before
{Heap before GC invocations=44 (full 0):
 garbage-first heap   total 286720K, used 221524K [0x0000000080000000, 0x0000000100000000)
  region size 1024K, 96 young (98304K), 15 survivors (15360K)
 Metaspace       used 106785K, committed 107520K, reserved 1179648K
  class space    used 14914K, committed 15232K, reserved 1048576K
}
Event: 51.669 GC heap after
{Heap after GC invocations=45 (full 0):
 garbage-first heap   total 286720K, used 149332K [0x0000000080000000, 0x0000000100000000)
  region size 1024K, 12 young (12288K), 12 survivors (12288K)
 Metaspace       used 106785K, committed 107520K, reserved 1179648K
  class space    used 14914K, committed 15232K, reserved 1048576K
}
Event: 52.111 GC heap before
{Heap before GC invocations=45 (full 0):
 garbage-first heap   total 286720K, used 199508K [0x0000000080000000, 0x0000000100000000)
  region size 1024K, 62 young (63488K), 12 survivors (12288K)
 Metaspace       used 107195K, committed 107968K, reserved 1179648K
  class space    used 14985K, committed 15360K, reserved 1048576K
}
Event: 52.153 GC heap after
{Heap after GC invocations=46 (full 0):
 garbage-first heap   total 286720K, used 160596K [0x0000000080000000, 0x0000000100000000)
  region size 1024K, 11 young (11264K), 11 survivors (11264K)
 Metaspace       used 107195K, committed 107968K, reserved 1179648K
  class space    used 14985K, committed 15360K, reserved 1048576K
}
Event: 53.502 GC heap before
{Heap before GC invocations=47 (full 0):
 garbage-first heap   total 291840K, used 221012K [0x0000000080000000, 0x0000000100000000)
  region size 1024K, 74 young (75776K), 11 survivors (11264K)
 Metaspace       used 108455K, committed 109248K, reserved 1179648K
  class space    used 15210K, committed 15552K, reserved 1048576K
}
Event: 53.535 GC heap after
{Heap after GC invocations=48 (full 0):
 garbage-first heap   total 291840K, used 168276K [0x0000000080000000, 0x0000000100000000)
  region size 1024K, 10 young (10240K), 10 survivors (10240K)
 Metaspace       used 108455K, committed 109248K, reserved 1179648K
  class space    used 15210K, committed 15552K, reserved 1048576K
}
Event: 53.555 GC heap before
{Heap before GC invocations=48 (full 0):
 garbage-first heap   total 291840K, used 172372K [0x0000000080000000, 0x0000000100000000)
  region size 1024K, 14 young (14336K), 10 survivors (10240K)
 Metaspace       used 108456K, committed 109248K, reserved 1179648K
  class space    used 15210K, committed 15552K, reserved 1048576K
}
Event: 53.589 GC heap after
{Heap after GC invocations=49 (full 0):
 garbage-first heap   total 291840K, used 168787K [0x0000000080000000, 0x0000000100000000)
  region size 1024K, 2 young (2048K), 2 survivors (2048K)
 Metaspace       used 108456K, committed 109248K, reserved 1179648K
  class space    used 15210K, committed 15552K, reserved 1048576K
}
Event: 54.599 GC heap before
{Heap before GC invocations=49 (full 0):
 garbage-first heap   total 291840K, used 231251K [0x0000000080000000, 0x0000000100000000)
  region size 1024K, 64 young (65536K), 2 survivors (2048K)
 Metaspace       used 110468K, committed 111296K, reserved 1179648K
  class space    used 15504K, committed 15872K, reserved 1048576K
}
Event: 54.623 GC heap after
{Heap after GC invocations=50 (full 0):
 garbage-first heap   total 291840K, used 176980K [0x0000000080000000, 0x0000000100000000)
  region size 1024K, 8 young (8192K), 8 survivors (8192K)
 Metaspace       used 110468K, committed 111296K, reserved 1179648K
  class space    used 15504K, committed 15872K, reserved 1048576K
}
Event: 55.313 GC heap before
{Heap before GC invocations=50 (full 0):
 garbage-first heap   total 291840K, used 236372K [0x0000000080000000, 0x0000000100000000)
  region size 1024K, 66 young (67584K), 8 survivors (8192K)
 Metaspace       used 111104K, committed 111872K, reserved 1179648K
  class space    used 15604K, committed 15936K, reserved 1048576K
}

